2026-02-24 23:29:25,326 INFO Bot started!
2026-02-24 23:29:25,817 INFO HTTP Request: POST https://api.telegram.org/bot8649933614:AAFtSLs2sAyPzKiErNhmpIZeaP93XeKpX5I/getMe "HTTP/1.1 200 OK"
2026-02-24 23:29:25,998 INFO HTTP Request: POST https://api.telegram.org/bot8649933614:AAFtSLs2sAyPzKiErNhmpIZeaP93XeKpX5I/deleteWebhook "HTTP/1.1 200 OK"
2026-02-24 23:29:26,000 INFO Application started
2026-02-24 23:29:36,478 INFO HTTP Request: POST https://api.telegram.org/bot8649933614:AAFtSLs2sAyPzKiErNhmpIZeaP93XeKpX5I/getUpdates "HTTP/1.1 200 OK"
2026-02-24 23:29:47,526 INFO HTTP Request: POST https://api.telegram.org/bot8649933614:AAFtSLs2sAyPzKiErNhmpIZeaP93XeKpX5I/getUpdates "HTTP/1.1 200 OK"
2026-02-24 23:29:57,637 INFO HTTP Request: POST https://api.telegram.org/bot8649933614:AAFtSLs2sAyPzKiErNhmpIZeaP93XeKpX5I/getUpdates "HTTP/1.1 200 OK"
2026-02-24 23:30:09,097 INFO HTTP Request: POST https://api.telegram.org/bot8649933614:AAFtSLs2sAyPzKiErNhmpIZeaP93XeKpX5I/getUpdates "HTTP/1.1 200 OK"
2026-02-24 23:30:19,403 INFO HTTP Request: POST https://api.telegram.org/bot8649933614:AAFtSLs2sAyPzKiErNhmpIZeaP93XeKpX5I/getUpdates "HTTP/1.1 200 OK"
2026-02-24 23:30:29,553 INFO HTTP Request: POST https://api.telegram.org/bot8649933614:AAFtSLs2sAyPzKiErNhmpIZeaP93XeKpX5I/getUpdates "HTTP/1.1 200 OK"
2026-02-24 23:30:39,646 INFO HTTP Request: POST https://api.telegram.org/bot8649933614:AAFtSLs2sAyPzKiErNhmpIZeaP93XeKpX5I/getUpdates "HTTP/1.1 200 OK"
2026-02-24 23:30:49,740 INFO HTTP Request: POST https://api.telegram.org/bot8649933614:AAFtSLs2sAyPzKiErNhmpIZeaP93XeKpX5I/getUpdates "HTTP/1.1 200 OK"
2026-02-24 23:30:59,830 INFO HTTP Request: POST https://api.telegram.org/bot8649933614:AAFtSLs2sAyPzKiErNhmpIZeaP93XeKpX5I/getUpdates "HTTP/1.1 200 OK"
2026-02-24 23:31:09,932 INFO HTTP Request: POST https://api.telegram.org/bot8649933614:AAFtSLs2sAyPzKiErNhmpIZeaP93XeKpX5I/getUpdates "HTTP/1.1 200 OK"
2026-02-24 23:31:20,015 INFO HTTP Request: POST https://api.telegram.org/bot8649933614:AAFtSLs2sAyPzKiErNhmpIZeaP93XeKpX5I/getUpdates "HTTP/1.1 200 OK"
2026-02-24 23:31:30,187 INFO HTTP Request: POST https://api.telegram.org/bot8649933614:AAFtSLs2sAyPzKiErNhmpIZeaP93XeKpX5I/getUpdates "HTTP/1.1 200 OK"
2026-02-24 23:31:40,293 INFO HTTP Request: POST https://api.telegram.org/bot8649933614:AAFtSLs2sAyPzKiErNhmpIZeaP93XeKpX5I/getUpdates "HTTP/1.1 200 OK"
2026-02-24 23:31:50,376 INFO HTTP Request: POST https://api.telegram.org/bot8649933614:AAFtSLs2sAyPzKiErNhmpIZeaP93XeKpX5I/getUpdates "HTTP/1.1 200 OK"
2026-02-24 23:32:01,011 INFO HTTP Request: POST https://api.telegram.org/bot8649933614:AAFtSLs2sAyPzKiErNhmpIZeaP93XeKpX5I/getUpdates "HTTP/1.1 200 OK"
2026-02-24 23:32:11,101 INFO HTTP Request: POST https://api.telegram.org/bot8649933614:AAFtSLs2sAyPzKiErNhmpIZeaP93XeKpX5I/getUpdates "HTTP/1.1 200 OK"
2026-02-24 23:32:21,191 INFO HTTP Request: POST https://api.telegram.org/bot8649933614:AAFtSLs2sAyPzKiErNhmpIZeaP93XeKpX5I/getUpdates "HTTP/1.1 200 OK"
2026-02-24 23:32:31,271 INFO HTTP Request: POST https://api.telegram.org/bot8649933614:AAFtSLs2sAyPzKiErNhmpIZeaP93XeKpX5I/getUpdates "HTTP/1.1 200 OK"
2026-02-24 23:32:41,382 INFO HTTP Request: POST https://api.telegram.org/bot8649933614:AAFtSLs2sAyPzKiErNhmpIZeaP93XeKpX5I/getUpdates "HTTP/1.1 200 OK"
2026-02-24 23:32:51,466 INFO HTTP Request: POST https://api.telegram.org/bot8649933614:AAFtSLs2sAyPzKiErNhmpIZeaP93XeKpX5I/getUpdates "HTTP/1.1 200 OK"
2026-02-24 23:33:01,547 INFO HTTP Request: POST https://api.telegram.org/bot8649933614:AAFtSLs2sAyPzKiErNhmpIZeaP93XeKpX5I/getUpdates "HTTP/1.1 200 OK"
2026-02-24 23:33:11,705 INFO HTTP Request: POST https://api.telegram.org/bot8649933614:AAFtSLs2sAyPzKiErNhmpIZeaP93XeKpX5I/getUpdates "HTTP/1.1 200 OK"
2026-02-24 23:33:21,793 INFO HTTP Request: POST https://api.telegram.org/bot8649933614:AAFtSLs2sAyPzKiErNhmpIZeaP93XeKpX5I/getUpdates "HTTP/1.1 200 OK"
2026-02-24 23:33:31,878 INFO HTTP Request: POST https://api.telegram.org/bot8649933614:AAFtSLs2sAyPzKiErNhmpIZeaP93XeKpX5I/getUpdates "HTTP/1.1 200 OK"
2026-02-24 23:33:41,985 INFO HTTP Request: POST https://api.telegram.org/bot8649933614:AAFtSLs2sAyPzKiErNhmpIZeaP93XeKpX5I/getUpdates "HTTP/1.1 200 OK"
2026-02-24 23:33:52,155 INFO HTTP Request: POST https://api.telegram.org/bot8649933614:AAFtSLs2sAyPzKiErNhmpIZeaP93XeKpX5I/getUpdates "HTTP/1.1 200 OK"
2026-02-24 23:34:02,245 INFO HTTP Request: POST https://api.telegram.org/bot8649933614:AAFtSLs2sAyPzKiErNhmpIZeaP93XeKpX5I/getUpdates "HTTP/1.1 200 OK"
2026-02-24 23:34:12,343 INFO HTTP Request: POST https://api.telegram.org/bot8649933614:AAFtSLs2sAyPzKiErNhmpIZeaP93XeKpX5I/getUpdates "HTTP/1.1 200 OK"
2026-02-24 23:34:22,441 INFO HTTP Request: POST https://api.telegram.org/bot8649933614:AAFtSLs2sAyPzKiErNhmpIZeaP93XeKpX5I/getUpdates "HTTP/1.1 200 OK"
2026-02-24 23:34:32,539 INFO HTTP Request: POST https://api.telegram.org/bot8649933614:AAFtSLs2sAyPzKiErNhmpIZeaP93XeKpX5I/getUpdates "HTTP/1.1 200 OK"
2026-02-24 23:34:42,643 INFO HTTP Request: POST https://api.telegram.org/bot8649933614:AAFtSLs2sAyPzKiErNhmpIZeaP93XeKpX5I/getUpdates "HTTP/1.1 200 OK"
2026-02-24 23:34:52,771 INFO HTTP Request: POST https://api.telegram.org/bot8649933614:AAFtSLs2sAyPzKiErNhmpIZeaP93XeKpX5I/getUpdates "HTTP/1.1 200 OK"
2026-02-24 23:35:02,853 INFO HTTP Request: POST https://api.telegram.org/bot8649933614:AAFtSLs2sAyPzKiErNhmpIZeaP93XeKpX5I/getUpdates "HTTP/1.1 200 OK"
2026-02-24 23:35:12,948 INFO HTTP Request: POST https://api.telegram.org/bot8649933614:AAFtSLs2sAyPzKiErNhmpIZeaP93XeKpX5I/getUpdates "HTTP/1.1 200 OK"
2026-02-24 23:35:23,046 INFO HTTP Request: POST https://api.telegram.org/bot8649933614:AAFtSLs2sAyPzKiErNhmpIZeaP93XeKpX5I/getUpdates "HTTP/1.1 200 OK"
2026-02-24 23:35:33,140 INFO HTTP Request: POST https://api.telegram.org/bot8649933614:AAFtSLs2sAyPzKiErNhmpIZeaP93XeKpX5I/getUpdates "HTTP/1.1 200 OK"
2026-02-24 23:35:43,298 INFO HTTP Request: POST https://api.telegram.org/bot8649933614:AAFtSLs2sAyPzKiErNhmpIZeaP93XeKpX5I/getUpdates "HTTP/1.1 200 OK"
2026-02-24 23:35:53,380 INFO HTTP Request: POST https://api.telegram.org/bot8649933614:AAFtSLs2sAyPzKiErNhmpIZeaP93XeKpX5I/getUpdates "HTTP/1.1 200 OK"
2026-02-24 23:36:03,459 INFO HTTP Request: POST https://api.telegram.org/bot8649933614:AAFtSLs2sAyPzKiErNhmpIZeaP93XeKpX5I/getUpdates "HTTP/1.1 200 OK"
2026-02-24 23:36:13,540 INFO HTTP Request: POST https://api.telegram.org/bot8649933614:AAFtSLs2sAyPzKiErNhmpIZeaP93XeKpX5I/getUpdates "HTTP/1.1 200 OK"
2026-02-24 23:36:23,619 INFO HTTP Request: POST https://api.telegram.org/bot8649933614:AAFtSLs2sAyPzKiErNhmpIZeaP93XeKpX5I/getUpdates "HTTP/1.1 200 OK"
2026-02-24 23:36:33,771 INFO HTTP Request: POST https://api.telegram.org/bot8649933614:AAFtSLs2sAyPzKiErNhmpIZeaP93XeKpX5I/getUpdates "HTTP/1.1 200 OK"
2026-02-24 23:36:39,764 INFO HTTP Request: POST https://api.telegram.org/bot8649933614:AAFtSLs2sAyPzKiErNhmpIZeaP93XeKpX5I/getUpdates "HTTP/1.1 200 OK"
2026-02-24 23:36:40,209 INFO HTTP Request: POST https://api.telegram.org/bot8649933614:AAFtSLs2sAyPzKiErNhmpIZeaP93XeKpX5I/answerCallbackQuery "HTTP/1.1 200 OK"
2026-02-24 23:36:40,338 INFO HTTP Request: POST https://api.telegram.org/bot8649933614:AAFtSLs2sAyPzKiErNhmpIZeaP93XeKpX5I/sendMessage "HTTP/1.1 200 OK"
2026-02-24 23:36:49,858 INFO HTTP Request: POST https://api.telegram.org/bot8649933614:AAFtSLs2sAyPzKiErNhmpIZeaP93XeKpX5I/getUpdates "HTTP/1.1 200 OK"
2026-02-24 23:36:51,069 INFO HTTP Request: POST https://api.telegram.org/bot8649933614:AAFtSLs2sAyPzKiErNhmpIZeaP93XeKpX5I/getUpdates "HTTP/1.1 200 OK"
2026-02-24 23:36:51,070 INFO User 587349420 requested: 'когда?' → username='когда'
2026-02-24 23:36:51,457 INFO HTTP Request: POST https://api.telegram.org/bot8649933614:AAFtSLs2sAyPzKiErNhmpIZeaP93XeKpX5I/sendMessage "HTTP/1.1 200 OK"
2026-02-24 23:36:51,467 WARNING ValueError for @когда: 'ascii' codec can't encode characters in position 72-76: ordinal not in range(128)
2026-02-24 23:36:51,587 INFO HTTP Request: POST https://api.telegram.org/bot8649933614:AAFtSLs2sAyPzKiErNhmpIZeaP93XeKpX5I/editMessageText "HTTP/1.1 200 OK"
2026-02-24 23:37:01,151 INFO HTTP Request: POST https://api.telegram.org/bot8649933614:AAFtSLs2sAyPzKiErNhmpIZeaP93XeKpX5I/getUpdates "HTTP/1.1 200 OK"
2026-02-24 23:37:11,239 INFO HTTP Request: POST https://api.telegram.org/bot8649933614:AAFtSLs2sAyPzKiErNhmpIZeaP93XeKpX5I/getUpdates "HTTP/1.1 200 OK"
2026-02-24 23:37:21,352 INFO HTTP Request: POST https://api.telegram.org/bot8649933614:AAFtSLs2sAyPzKiErNhmpIZeaP93XeKpX5I/getUpdates "HTTP/1.1 200 OK"
2026-02-24 23:37:31,431 INFO HTTP Request: POST https://api.telegram.org/bot8649933614:AAFtSLs2sAyPzKiErNhmpIZeaP93XeKpX5I/getUpdates "HTTP/1.1 200 OK"
2026-02-24 23:37:41,510 INFO HTTP Request: POST https://api.telegram.org/bot8649933614:AAFtSLs2sAyPzKiErNhmpIZeaP93XeKpX5I/getUpdates "HTTP/1.1 200 OK"
2026-02-24 23:37:51,597 INFO HTTP Request: POST https://api.telegram.org/bot8649933614:AAFtSLs2sAyPzKiErNhmpIZeaP93XeKpX5I/getUpdates "HTTP/1.1 200 OK"
2026-02-24 23:38:02,756 INFO HTTP Request: POST https://api.telegram.org/bot8649933614:AAFtSLs2sAyPzKiErNhmpIZeaP93XeKpX5I/getUpdates "HTTP/1.1 200 OK"
2026-02-24 23:38:08,173 INFO HTTP Request: POST https://api.telegram.org/bot8649933614:AAFtSLs2sAyPzKiErNhmpIZeaP93XeKpX5I/getUpdates "HTTP/1.1 409 Conflict"
2026-02-24 23:38:08,174 ERROR Error while getting Updates: Conflict: terminated by other getUpdates request; make sure that only one bot instance is running
2026-02-24 23:38:08,174 ERROR No error handlers are registered, logging exception.
Traceback (most recent call last):
  File "/Users/user/Library/Python/3.9/lib/python/site-packages/telegram/ext/_updater.py", line 688, in _network_loop_retry
    if not await action_cb():
  File "/Users/user/Library/Python/3.9/lib/python/site-packages/telegram/ext/_updater.py", line 384, in polling_action_cb
    raise exc
  File "/Users/user/Library/Python/3.9/lib/python/site-packages/telegram/ext/_updater.py", line 373, in polling_action_cb
    updates = await self.bot.get_updates(
  File "/Users/user/Library/Python/3.9/lib/python/site-packages/telegram/ext/_extbot.py", line 558, in get_updates
    updates = await super().get_updates(
  File "/Users/user/Library/Python/3.9/lib/python/site-packages/telegram/_bot.py", line 525, in decorator
    result = await func(self, *args, **kwargs)  # skipcq: PYL-E1102
  File "/Users/user/Library/Python/3.9/lib/python/site-packages/telegram/_bot.py", line 3584, in get_updates
    await self._post(
  File "/Users/user/Library/Python/3.9/lib/python/site-packages/telegram/_bot.py", line 613, in _post
    return await self._do_post(
  File "/Users/user/Library/Python/3.9/lib/python/site-packages/telegram/ext/_extbot.py", line 340, in _do_post
    return await super()._do_post(
  File "/Users/user/Library/Python/3.9/lib/python/site-packages/telegram/_bot.py", line 641, in _do_post
    return await request.post(
  File "/Users/user/Library/Python/3.9/lib/python/site-packages/telegram/request/_baserequest.py", line 200, in post
    result = await self._request_wrapper(
  File "/Users/user/Library/Python/3.9/lib/python/site-packages/telegram/request/_baserequest.py", line 381, in _request_wrapper
    raise Conflict(message)
telegram.error.Conflict: Conflict: terminated by other getUpdates request; make sure that only one bot instance is running
2026-02-24 23:38:14,115 INFO HTTP Request: POST https://api.telegram.org/bot8649933614:AAFtSLs2sAyPzKiErNhmpIZeaP93XeKpX5I/getUpdates "HTTP/1.1 409 Conflict"
2026-02-24 23:38:14,116 ERROR Error while getting Updates: Conflict: terminated by other getUpdates request; make sure that only one bot instance is running
2026-02-24 23:38:14,116 ERROR No error handlers are registered, logging exception.
Traceback (most recent call last):
  File "/Users/user/Library/Python/3.9/lib/python/site-packages/telegram/ext/_updater.py", line 688, in _network_loop_retry
    if not await action_cb():
  File "/Users/user/Library/Python/3.9/lib/python/site-packages/telegram/ext/_updater.py", line 384, in polling_action_cb
    raise exc
  File "/Users/user/Library/Python/3.9/lib/python/site-packages/telegram/ext/_updater.py", line 373, in polling_action_cb
    updates = await self.bot.get_updates(
  File "/Users/user/Library/Python/3.9/lib/python/site-packages/telegram/ext/_extbot.py", line 558, in get_updates
    updates = await super().get_updates(
  File "/Users/user/Library/Python/3.9/lib/python/site-packages/telegram/_bot.py", line 525, in decorator
    result = await func(self, *args, **kwargs)  # skipcq: PYL-E1102
  File "/Users/user/Library/Python/3.9/lib/python/site-packages/telegram/_bot.py", line 3584, in get_updates
    await self._post(
  File "/Users/user/Library/Python/3.9/lib/python/site-packages/telegram/_bot.py", line 613, in _post
    return await self._do_post(
  File "/Users/user/Library/Python/3.9/lib/python/site-packages/telegram/ext/_extbot.py", line 340, in _do_post
    return await super()._do_post(
  File "/Users/user/Library/Python/3.9/lib/python/site-packages/telegram/_bot.py", line 641, in _do_post
    return await request.post(
  File "/Users/user/Library/Python/3.9/lib/python/site-packages/telegram/request/_baserequest.py", line 200, in post
    result = await self._request_wrapper(
  File "/Users/user/Library/Python/3.9/lib/python/site-packages/telegram/request/_baserequest.py", line 381, in _request_wrapper
    raise Conflict(message)
telegram.error.Conflict: Conflict: terminated by other getUpdates request; make sure that only one bot instance is running
2026-02-24 23:38:20,325 INFO HTTP Request: POST https://api.telegram.org/bot8649933614:AAFtSLs2sAyPzKiErNhmpIZeaP93XeKpX5I/getUpdates "HTTP/1.1 409 Conflict"
2026-02-24 23:38:20,326 ERROR Error while getting Updates: Conflict: terminated by other getUpdates request; make sure that only one bot instance is running
2026-02-24 23:38:20,326 ERROR No error handlers are registered, logging exception.
Traceback (most recent call last):
  File "/Users/user/Library/Python/3.9/lib/python/site-packages/telegram/ext/_updater.py", line 688, in _network_loop_retry
    if not await action_cb():
  File "/Users/user/Library/Python/3.9/lib/python/site-packages/telegram/ext/_updater.py", line 384, in polling_action_cb
    raise exc
  File "/Users/user/Library/Python/3.9/lib/python/site-packages/telegram/ext/_updater.py", line 373, in polling_action_cb
    updates = await self.bot.get_updates(
  File "/Users/user/Library/Python/3.9/lib/python/site-packages/telegram/ext/_extbot.py", line 558, in get_updates
    updates = await super().get_updates(
  File "/Users/user/Library/Python/3.9/lib/python/site-packages/telegram/_bot.py", line 525, in decorator
    result = await func(self, *args, **kwargs)  # skipcq: PYL-E1102
  File "/Users/user/Library/Python/3.9/lib/python/site-packages/telegram/_bot.py", line 3584, in get_updates
    await self._post(
  File "/Users/user/Library/Python/3.9/lib/python/site-packages/telegram/_bot.py", line 613, in _post
    return await self._do_post(
  File "/Users/user/Library/Python/3.9/lib/python/site-packages/telegram/ext/_extbot.py", line 340, in _do_post
    return await super()._do_post(
  File "/Users/user/Library/Python/3.9/lib/python/site-packages/telegram/_bot.py", line 641, in _do_post
    return await request.post(
  File "/Users/user/Library/Python/3.9/lib/python/site-packages/telegram/request/_baserequest.py", line 200, in post
    result = await self._request_wrapper(
  File "/Users/user/Library/Python/3.9/lib/python/site-packages/telegram/request/_baserequest.py", line 381, in _request_wrapper
    raise Conflict(message)
telegram.error.Conflict: Conflict: terminated by other getUpdates request; make sure that only one bot instance is running
2026-02-24 23:38:28,166 INFO HTTP Request: POST https://api.telegram.org/bot8649933614:AAFtSLs2sAyPzKiErNhmpIZeaP93XeKpX5I/getUpdates "HTTP/1.1 409 Conflict"
2026-02-24 23:38:28,167 ERROR Error while getting Updates: Conflict: terminated by other getUpdates request; make sure that only one bot instance is running
2026-02-24 23:38:28,167 ERROR No error handlers are registered, logging exception.
Traceback (most recent call last):
  File "/Users/user/Library/Python/3.9/lib/python/site-packages/telegram/ext/_updater.py", line 688, in _network_loop_retry
    if not await action_cb():
  File "/Users/user/Library/Python/3.9/lib/python/site-packages/telegram/ext/_updater.py", line 384, in polling_action_cb
    raise exc
  File "/Users/user/Library/Python/3.9/lib/python/site-packages/telegram/ext/_updater.py", line 373, in polling_action_cb
    updates = await self.bot.get_updates(
  File "/Users/user/Library/Python/3.9/lib/python/site-packages/telegram/ext/_extbot.py", line 558, in get_updates
    updates = await super().get_updates(
  File "/Users/user/Library/Python/3.9/lib/python/site-packages/telegram/_bot.py", line 525, in decorator
    result = await func(self, *args, **kwargs)  # skipcq: PYL-E1102
  File "/Users/user/Library/Python/3.9/lib/python/site-packages/telegram/_bot.py", line 3584, in get_updates
    await self._post(
  File "/Users/user/Library/Python/3.9/lib/python/site-packages/telegram/_bot.py", line 613, in _post
    return await self._do_post(
  File "/Users/user/Library/Python/3.9/lib/python/site-packages/telegram/ext/_extbot.py", line 340, in _do_post
    return await super()._do_post(
  File "/Users/user/Library/Python/3.9/lib/python/site-packages/telegram/_bot.py", line 641, in _do_post
    return await request.post(
  File "/Users/user/Library/Python/3.9/lib/python/site-packages/telegram/request/_baserequest.py", line 200, in post
    result = await self._request_wrapper(
  File "/Users/user/Library/Python/3.9/lib/python/site-packages/telegram/request/_baserequest.py", line 381, in _request_wrapper
    raise Conflict(message)
telegram.error.Conflict: Conflict: terminated by other getUpdates request; make sure that only one bot instance is running
2026-02-24 23:38:35,100 INFO HTTP Request: POST https://api.telegram.org/bot8649933614:AAFtSLs2sAyPzKiErNhmpIZeaP93XeKpX5I/getUpdates "HTTP/1.1 409 Conflict"
2026-02-24 23:38:35,101 ERROR Error while getting Updates: Conflict: terminated by other getUpdates request; make sure that only one bot instance is running
2026-02-24 23:38:35,101 ERROR No error handlers are registered, logging exception.
Traceback (most recent call last):
  File "/Users/user/Library/Python/3.9/lib/python/site-packages/telegram/ext/_updater.py", line 688, in _network_loop_retry
    if not await action_cb():
  File "/Users/user/Library/Python/3.9/lib/python/site-packages/telegram/ext/_updater.py", line 384, in polling_action_cb
    raise exc
  File "/Users/user/Library/Python/3.9/lib/python/site-packages/telegram/ext/_updater.py", line 373, in polling_action_cb
    updates = await self.bot.get_updates(
  File "/Users/user/Library/Python/3.9/lib/python/site-packages/telegram/ext/_extbot.py", line 558, in get_updates
    updates = await super().get_updates(
  File "/Users/user/Library/Python/3.9/lib/python/site-packages/telegram/_bot.py", line 525, in decorator
    result = await func(self, *args, **kwargs)  # skipcq: PYL-E1102
  File "/Users/user/Library/Python/3.9/lib/python/site-packages/telegram/_bot.py", line 3584, in get_updates
    await self._post(
  File "/Users/user/Library/Python/3.9/lib/python/site-packages/telegram/_bot.py", line 613, in _post
    return await self._do_post(
  File "/Users/user/Library/Python/3.9/lib/python/site-packages/telegram/ext/_extbot.py", line 340, in _do_post
    return await super()._do_post(
  File "/Users/user/Library/Python/3.9/lib/python/site-packages/telegram/_bot.py", line 641, in _do_post
    return await request.post(
  File "/Users/user/Library/Python/3.9/lib/python/site-packages/telegram/request/_baserequest.py", line 200, in post
    result = await self._request_wrapper(
  File "/Users/user/Library/Python/3.9/lib/python/site-packages/telegram/request/_baserequest.py", line 381, in _request_wrapper
    raise Conflict(message)
telegram.error.Conflict: Conflict: terminated by other getUpdates request; make sure that only one bot instance is running
2026-02-24 23:38:47,068 INFO HTTP Request: POST https://api.telegram.org/bot8649933614:AAFtSLs2sAyPzKiErNhmpIZeaP93XeKpX5I/getUpdates "HTTP/1.1 409 Conflict"
2026-02-24 23:38:47,069 ERROR Error while getting Updates: Conflict: terminated by other getUpdates request; make sure that only one bot instance is running
2026-02-24 23:38:47,070 ERROR No error handlers are registered, logging exception.
Traceback (most recent call last):
  File "/Users/user/Library/Python/3.9/lib/python/site-packages/telegram/ext/_updater.py", line 688, in _network_loop_retry
    if not await action_cb():
  File "/Users/user/Library/Python/3.9/lib/python/site-packages/telegram/ext/_updater.py", line 384, in polling_action_cb
    raise exc
  File "/Users/user/Library/Python/3.9/lib/python/site-packages/telegram/ext/_updater.py", line 373, in polling_action_cb
    updates = await self.bot.get_updates(
  File "/Users/user/Library/Python/3.9/lib/python/site-packages/telegram/ext/_extbot.py", line 558, in get_updates
    updates = await super().get_updates(
  File "/Users/user/Library/Python/3.9/lib/python/site-packages/telegram/_bot.py", line 525, in decorator
    result = await func(self, *args, **kwargs)  # skipcq: PYL-E1102
  File "/Users/user/Library/Python/3.9/lib/python/site-packages/telegram/_bot.py", line 3584, in get_updates
    await self._post(
  File "/Users/user/Library/Python/3.9/lib/python/site-packages/telegram/_bot.py", line 613, in _post
    return await self._do_post(
  File "/Users/user/Library/Python/3.9/lib/python/site-packages/telegram/ext/_extbot.py", line 340, in _do_post
    return await super()._do_post(
  File "/Users/user/Library/Python/3.9/lib/python/site-packages/telegram/_bot.py", line 641, in _do_post
    return await request.post(
  File "/Users/user/Library/Python/3.9/lib/python/site-packages/telegram/request/_baserequest.py", line 200, in post
    result = await self._request_wrapper(
  File "/Users/user/Library/Python/3.9/lib/python/site-packages/telegram/request/_baserequest.py", line 381, in _request_wrapper
    raise Conflict(message)
telegram.error.Conflict: Conflict: terminated by other getUpdates request; make sure that only one bot instance is running
2026-02-24 23:39:03,078 INFO HTTP Request: POST https://api.telegram.org/bot8649933614:AAFtSLs2sAyPzKiErNhmpIZeaP93XeKpX5I/getUpdates "HTTP/1.1 409 Conflict"
2026-02-24 23:39:03,080 ERROR Error while getting Updates: Conflict: terminated by other getUpdates request; make sure that only one bot instance is running
2026-02-24 23:39:03,080 ERROR No error handlers are registered, logging exception.
Traceback (most recent call last):
  File "/Users/user/Library/Python/3.9/lib/python/site-packages/telegram/ext/_updater.py", line 688, in _network_loop_retry
    if not await action_cb():
  File "/Users/user/Library/Python/3.9/lib/python/site-packages/telegram/ext/_updater.py", line 384, in polling_action_cb
    raise exc
  File "/Users/user/Library/Python/3.9/lib/python/site-packages/telegram/ext/_updater.py", line 373, in polling_action_cb
    updates = await self.bot.get_updates(
  File "/Users/user/Library/Python/3.9/lib/python/site-packages/telegram/ext/_extbot.py", line 558, in get_updates
    updates = await super().get_updates(
  File "/Users/user/Library/Python/3.9/lib/python/site-packages/telegram/_bot.py", line 525, in decorator
    result = await func(self, *args, **kwargs)  # skipcq: PYL-E1102
  File "/Users/user/Library/Python/3.9/lib/python/site-packages/telegram/_bot.py", line 3584, in get_updates
    await self._post(
  File "/Users/user/Library/Python/3.9/lib/python/site-packages/telegram/_bot.py", line 613, in _post
    return await self._do_post(
  File "/Users/user/Library/Python/3.9/lib/python/site-packages/telegram/ext/_extbot.py", line 340, in _do_post
    return await super()._do_post(
  File "/Users/user/Library/Python/3.9/lib/python/site-packages/telegram/_bot.py", line 641, in _do_post
    return await request.post(
  File "/Users/user/Library/Python/3.9/lib/python/site-packages/telegram/request/_baserequest.py", line 200, in post
    result = await self._request_wrapper(
  File "/Users/user/Library/Python/3.9/lib/python/site-packages/telegram/request/_baserequest.py", line 381, in _request_wrapper
    raise Conflict(message)
telegram.error.Conflict: Conflict: terminated by other getUpdates request; make sure that only one bot instance is running
2026-02-24 23:39:19,037 INFO HTTP Request: POST https://api.telegram.org/bot8649933614:AAFtSLs2sAyPzKiErNhmpIZeaP93XeKpX5I/getUpdates "HTTP/1.1 409 Conflict"
2026-02-24 23:39:19,038 ERROR Error while getting Updates: Conflict: terminated by other getUpdates request; make sure that only one bot instance is running
2026-02-24 23:39:19,038 ERROR No error handlers are registered, logging exception.
Traceback (most recent call last):
  File "/Users/user/Library/Python/3.9/lib/python/site-packages/telegram/ext/_updater.py", line 688, in _network_loop_retry
    if not await action_cb():
  File "/Users/user/Library/Python/3.9/lib/python/site-packages/telegram/ext/_updater.py", line 384, in polling_action_cb
    raise exc
  File "/Users/user/Library/Python/3.9/lib/python/site-packages/telegram/ext/_updater.py", line 373, in polling_action_cb
    updates = await self.bot.get_updates(
  File "/Users/user/Library/Python/3.9/lib/python/site-packages/telegram/ext/_extbot.py", line 558, in get_updates
    updates = await super().get_updates(
  File "/Users/user/Library/Python/3.9/lib/python/site-packages/telegram/_bot.py", line 525, in decorator
    result = await func(self, *args, **kwargs)  # skipcq: PYL-E1102
  File "/Users/user/Library/Python/3.9/lib/python/site-packages/telegram/_bot.py", line 3584, in get_updates
    await self._post(
  File "/Users/user/Library/Python/3.9/lib/python/site-packages/telegram/_bot.py", line 613, in _post
    return await self._do_post(
  File "/Users/user/Library/Python/3.9/lib/python/site-packages/telegram/ext/_extbot.py", line 340, in _do_post
    return await super()._do_post(
  File "/Users/user/Library/Python/3.9/lib/python/site-packages/telegram/_bot.py", line 641, in _do_post
    return await request.post(
  File "/Users/user/Library/Python/3.9/lib/python/site-packages/telegram/request/_baserequest.py", line 200, in post
    result = await self._request_wrapper(
  File "/Users/user/Library/Python/3.9/lib/python/site-packages/telegram/request/_baserequest.py", line 381, in _request_wrapper
    raise Conflict(message)
telegram.error.Conflict: Conflict: terminated by other getUpdates request; make sure that only one bot instance is running
2026-02-24 23:39:40,612 INFO HTTP Request: POST https://api.telegram.org/bot8649933614:AAFtSLs2sAyPzKiErNhmpIZeaP93XeKpX5I/getUpdates "HTTP/1.1 409 Conflict"
2026-02-24 23:39:40,613 ERROR Error while getting Updates: Conflict: terminated by other getUpdates request; make sure that only one bot instance is running
2026-02-24 23:39:40,613 ERROR No error handlers are registered, logging exception.
Traceback (most recent call last):
  File "/Users/user/Library/Python/3.9/lib/python/site-packages/telegram/ext/_updater.py", line 688, in _network_loop_retry
    if not await action_cb():
  File "/Users/user/Library/Python/3.9/lib/python/site-packages/telegram/ext/_updater.py", line 384, in polling_action_cb
    raise exc
  File "/Users/user/Library/Python/3.9/lib/python/site-packages/telegram/ext/_updater.py", line 373, in polling_action_cb
    updates = await self.bot.get_updates(
  File "/Users/user/Library/Python/3.9/lib/python/site-packages/telegram/ext/_extbot.py", line 558, in get_updates
    updates = await super().get_updates(
  File "/Users/user/Library/Python/3.9/lib/python/site-packages/telegram/_bot.py", line 525, in decorator
    result = await func(self, *args, **kwargs)  # skipcq: PYL-E1102
  File "/Users/user/Library/Python/3.9/lib/python/site-packages/telegram/_bot.py", line 3584, in get_updates
    await self._post(
  File "/Users/user/Library/Python/3.9/lib/python/site-packages/telegram/_bot.py", line 613, in _post
    return await self._do_post(
  File "/Users/user/Library/Python/3.9/lib/python/site-packages/telegram/ext/_extbot.py", line 340, in _do_post
    return await super()._do_post(
  File "/Users/user/Library/Python/3.9/lib/python/site-packages/telegram/_bot.py", line 641, in _do_post
    return await request.post(
  File "/Users/user/Library/Python/3.9/lib/python/site-packages/telegram/request/_baserequest.py", line 200, in post
    result = await self._request_wrapper(
  File "/Users/user/Library/Python/3.9/lib/python/site-packages/telegram/request/_baserequest.py", line 381, in _request_wrapper
    raise Conflict(message)
telegram.error.Conflict: Conflict: terminated by other getUpdates request; make sure that only one bot instance is running
2026-02-24 23:40:10,763 INFO HTTP Request: POST https://api.telegram.org/bot8649933614:AAFtSLs2sAyPzKiErNhmpIZeaP93XeKpX5I/getUpdates "HTTP/1.1 409 Conflict"
2026-02-24 23:40:10,765 ERROR Error while getting Updates: Conflict: terminated by other getUpdates request; make sure that only one bot instance is running
2026-02-24 23:40:10,765 ERROR No error handlers are registered, logging exception.
Traceback (most recent call last):
  File "/Users/user/Library/Python/3.9/lib/python/site-packages/telegram/ext/_updater.py", line 688, in _network_loop_retry
    if not await action_cb():
  File "/Users/user/Library/Python/3.9/lib/python/site-packages/telegram/ext/_updater.py", line 384, in polling_action_cb
    raise exc
  File "/Users/user/Library/Python/3.9/lib/python/site-packages/telegram/ext/_updater.py", line 373, in polling_action_cb
    updates = await self.bot.get_updates(
  File "/Users/user/Library/Python/3.9/lib/python/site-packages/telegram/ext/_extbot.py", line 558, in get_updates
    updates = await super().get_updates(
  File "/Users/user/Library/Python/3.9/lib/python/site-packages/telegram/_bot.py", line 525, in decorator
    result = await func(self, *args, **kwargs)  # skipcq: PYL-E1102
  File "/Users/user/Library/Python/3.9/lib/python/site-packages/telegram/_bot.py", line 3584, in get_updates
    await self._post(
  File "/Users/user/Library/Python/3.9/lib/python/site-packages/telegram/_bot.py", line 613, in _post
    return await self._do_post(
  File "/Users/user/Library/Python/3.9/lib/python/site-packages/telegram/ext/_extbot.py", line 340, in _do_post
    return await super()._do_post(
  File "/Users/user/Library/Python/3.9/lib/python/site-packages/telegram/_bot.py", line 641, in _do_post
    return await request.post(
  File "/Users/user/Library/Python/3.9/lib/python/site-packages/telegram/request/_baserequest.py", line 200, in post
    result = await self._request_wrapper(
  File "/Users/user/Library/Python/3.9/lib/python/site-packages/telegram/request/_baserequest.py", line 381, in _request_wrapper
    raise Conflict(message)
telegram.error.Conflict: Conflict: terminated by other getUpdates request; make sure that only one bot instance is running
